<?xml version="1.0" encoding="UTF-8"?>
<!-- Generated by org.testng.reporters.JUnitReportReporter -->
<testsuite hostname="DESKTOP-PUIO19L" failures="0" tests="1" name="tests.SearchHotelTest" time="1.060" errors="0" timestamp="2024-03-19T12:50:56 EET" skipped="0">
  <testcase classname="tests.SearchHotelTest" name="openLoginScreen" time="1.060"/>
</testsuite> <!-- tests.SearchHotelTest -->
