<?xml version="1.0" encoding="UTF-8"?>
<!-- Generated by org.testng.reporters.JUnitReportReporter -->
<testsuite hostname="DESKTOP-PUIO19L" failures="0" tests="1" name="tests.RegistrationTest" time="1.762" errors="0" timestamp="2024-03-18T16:30:29 EET" skipped="0">
  <testcase classname="tests.RegistrationTest" name="openLoginScreen" time="1.762"/>
</testsuite> <!-- tests.RegistrationTest -->
